<?xml version="1.0" encoding="UTF-8"?>
<!-- Generated by org.testng.reporters.JUnitReportReporter -->
<testsuite hostname="DESKTOP-CO8MM8G" failures="0" tests="1" name="tests.basic.PageObjectCodeWithHelpers" time="32.696" errors="0" timestamp="2023-05-16T20:26:09 IDT" skipped="0">
  <testcase classname="tests.basic.PageObjectCodeWithHelpers" name="test" time="32.696"/>
  <system-out/>
</testsuite> <!-- tests.basic.PageObjectCodeWithHelpers -->
