<?xml version="1.0" encoding="UTF-8"?>
<!-- Generated by org.testng.reporters.JUnitReportReporter -->
<testsuite hostname="DESKTOP-CO8MM8G" failures="0" tests="1" name="tests.basic.OldCodeTest" time="39.803" errors="0" timestamp="2023-05-10T12:42:20 IDT" skipped="0">
  <testcase classname="tests.basic.OldCodeTest" name="test" time="39.803"/>
  <system-out/>
</testsuite> <!-- tests.basic.OldCodeTest -->
