<?xml version="1.0" encoding="UTF-8"?>
<!-- Generated by org.testng.reporters.JUnitReportReporter -->
<testsuite hostname="DESKTOP-CO8MM8G" failures="0" tests="1" name="tests.basic.MyAppiumTestExamle" time="19.436" errors="0" timestamp="2023-06-20T18:24:35 IDT" skipped="0">
  <testcase classname="tests.basic.MyAppiumTestExamle" name="test" time="19.436"/>
  <system-out/>
</testsuite> <!-- tests.basic.MyAppiumTestExamle -->
