<?xml version="1.0" encoding="UTF-8"?>
<!-- Generated by org.testng.reporters.JUnitReportReporter -->
<testsuite hostname="DESKTOP-CO8MM8G" failures="0" tests="1" name="tests.basic.API_TestExample" time="4.378" errors="0" timestamp="2023-05-16T17:39:45 IDT" skipped="0">
  <testcase classname="tests.basic.API_TestExample" name="test" time="4.378"/>
  <system-out/>
</testsuite> <!-- tests.basic.API_TestExample -->
