<?xml version="1.0" encoding="UTF-8"?>
<!-- Generated by org.testng.reporters.JUnitReportReporter -->
<testsuite hostname="DESKTOP-CO8MM8G" failures="0" tests="1" name="tests.basic.PageObjectCode" time="46.046" errors="0" timestamp="2023-06-06T16:00:51 IDT" skipped="0">
  <testcase classname="tests.basic.PageObjectCode" name="test" time="46.046"/>
  <system-out/>
</testsuite> <!-- tests.basic.PageObjectCode -->
